<?xml version="1.0" encoding="UTF-8"?>
<!-- Generated by org.testng.reporters.JUnitReportReporter -->
<testsuite hostname="LIN24009967" failures="0" tests="1" name="testCases.TC001_VerifyAccountRegistrationPage" time="2.839" errors="0" timestamp="2024-07-10T18:33:53 IST" skipped="0">
  <testcase classname="testCases.TC001_VerifyAccountRegistrationPage" name="verify_account_registration" time="2.839"/>
</testsuite> <!-- testCases.TC001_VerifyAccountRegistrationPage -->
