<?xml version="1.0" encoding="UTF-8"?>
<!-- Generated by org.testng.reporters.JUnitReportReporter -->
<testsuite hostname="LIN24009967" failures="0" tests="1" name="testCases.TC001_VerifyAccountRegistrationPage" time="3.554" errors="0" timestamp="2024-07-10T15:43:40 IST" skipped="0">
  <testcase classname="testCases.TC001_VerifyAccountRegistrationPage" name="verify_account_registration" time="3.554"/>
</testsuite> <!-- testCases.TC001_VerifyAccountRegistrationPage -->
